  main.cpp
main.obj : error LNK2019: unresolved external symbol __imp_glBindTexture referenced in function "unsigned int __cdecl load_texture(char const *,enum FilterType)" (?load_texture@@YAIPEBDW4FilterType@@@Z)
main.obj : error LNK2019: unresolved external symbol __imp_glBlendFunc referenced in function "void __cdecl initialise(void)" (?initialise@@YAXXZ)
main.obj : error LNK2019: unresolved external symbol __imp_glClear referenced in function "void __cdecl render(void)" (?render@@YAXXZ)
main.obj : error LNK2019: unresolved external symbol __imp_glClearColor referenced in function "void __cdecl initialise(void)" (?initialise@@YAXXZ)
main.obj : error LNK2019: unresolved external symbol __imp_glEnable referenced in function "void __cdecl initialise(void)" (?initialise@@YAXXZ)
main.obj : error LNK2019: unresolved external symbol __imp_glGenTextures referenced in function "unsigned int __cdecl load_texture(char const *,enum FilterType)" (?load_texture@@YAIPEBDW4FilterType@@@Z)
main.obj : error LNK2019: unresolved external symbol __imp_glTexImage2D referenced in function "unsigned int __cdecl load_texture(char const *,enum FilterType)" (?load_texture@@YAIPEBDW4FilterType@@@Z)
main.obj : error LNK2019: unresolved external symbol __imp_glTexParameteri referenced in function "unsigned int __cdecl load_texture(char const *,enum FilterType)" (?load_texture@@YAIPEBDW4FilterType@@@Z)
main.obj : error LNK2019: unresolved external symbol __imp_glViewport referenced in function "void __cdecl initialise(void)" (?initialise@@YAXXZ)
main.obj : error LNK2019: unresolved external symbol __imp_glewInit referenced in function "void __cdecl initialise(void)" (?initialise@@YAXXZ)
main.obj : error LNK2019: unresolved external symbol SDL_CreateWindow referenced in function "void __cdecl initialise(void)" (?initialise@@YAXXZ)
main.obj : error LNK2019: unresolved external symbol SDL_GL_CreateContext referenced in function "void __cdecl initialise(void)" (?initialise@@YAXXZ)
main.obj : error LNK2019: unresolved external symbol SDL_GL_MakeCurrent referenced in function "void __cdecl initialise(void)" (?initialise@@YAXXZ)
main.obj : error LNK2019: unresolved external symbol SDL_GL_SwapWindow referenced in function "void __cdecl render(void)" (?render@@YAXXZ)
main.obj : error LNK2019: unresolved external symbol SDL_PollEvent referenced in function "void __cdecl process_input(void)" (?process_input@@YAXXZ)
main.obj : error LNK2019: unresolved external symbol SDL_GetTicks referenced in function "void __cdecl update(void)" (?update@@YAXXZ)
main.obj : error LNK2019: unresolved external symbol SDL_Init referenced in function "void __cdecl initialise(void)" (?initialise@@YAXXZ)
main.obj : error LNK2019: unresolved external symbol SDL_Quit referenced in function "void __cdecl shutdown(void)" (?shutdown@@YAXXZ)
main.obj : error LNK2019: unresolved external symbol "public: __cdecl Entity::Entity(class std::vector<unsigned int,class std::allocator<unsigned int> >,class std::vector<class std::vector<int,class std::allocator<int> >,class std::allocator<class std::vector<int,class std::allocator<int> > > >)" (??0Entity@@QEAA@V?$vector@IV?$allocator@I@std@@@std@@V?$vector@V?$vector@HV?$allocator@H@std@@@std@@V?$allocator@V?$vector@HV?$allocator@H@std@@@std@@@2@@2@@Z) referenced in function "void __cdecl initialise(void)" (?initialise@@YAXXZ)
main.obj : error LNK2019: unresolved external symbol "public: __cdecl Entity::~Entity(void)" (??1Entity@@QEAA@XZ) referenced in function "public: void * __cdecl Entity::`scalar deleting destructor'(unsigned int)" (??_GEntity@@QEAAPEAXI@Z)
main.obj : error LNK2019: unresolved external symbol "public: void __cdecl Entity::apply_gravity(float)" (?apply_gravity@Entity@@QEAAXM@Z) referenced in function "void __cdecl update(void)" (?update@@YAXXZ)
main.obj : error LNK2019: unresolved external symbol "public: void __cdecl Entity::apply_thrust(void)" (?apply_thrust@Entity@@QEAAXXZ) referenced in function "void __cdecl process_input(void)" (?process_input@@YAXXZ)
main.obj : error LNK2019: unresolved external symbol "public: void __cdecl Entity::move_left(void)" (?move_left@Entity@@QEAAXXZ) referenced in function "void __cdecl process_input(void)" (?process_input@@YAXXZ)
main.obj : error LNK2019: unresolved external symbol "public: void __cdecl Entity::move_right(void)" (?move_right@Entity@@QEAAXXZ) referenced in function "void __cdecl process_input(void)" (?process_input@@YAXXZ)
main.obj : error LNK2019: unresolved external symbol "public: void __cdecl Entity::update(float)" (?update@Entity@@QEAAXM@Z) referenced in function "void __cdecl update(void)" (?update@@YAXXZ)
main.obj : error LNK2019: unresolved external symbol "public: void __cdecl Entity::render(class ShaderProgram *)" (?render@Entity@@QEAAXPEAVShaderProgram@@@Z) referenced in function "void __cdecl render(void)" (?render@@YAXXZ)
main.obj : error LNK2019: unresolved external symbol __imp___glewUseProgram referenced in function "void __cdecl initialise(void)" (?initialise@@YAXXZ)
ShaderProgram.obj : error LNK2001: unresolved external symbol __imp___glewUseProgram
ShaderProgram.obj : error LNK2019: unresolved external symbol __imp___glewAttachShader referenced in function "public: void __cdecl ShaderProgram::load(char const *,char const *)" (?load@ShaderProgram@@QEAAXPEBD0@Z)
ShaderProgram.obj : error LNK2019: unresolved external symbol __imp___glewCompileShader referenced in function "private: unsigned int __cdecl ShaderProgram::load_shader_from_string(class std::basic_string<char,struct std::char_traits<char>,class std::allocator<char> > const &,unsigned int)" (?load_shader_from_string@ShaderProgram@@AEAAIAEBV?$basic_string@DU?$char_traits@D@std@@V?$allocator@D@2@@std@@I@Z)
ShaderProgram.obj : error LNK2019: unresolved external symbol __imp___glewCreateProgram referenced in function "public: void __cdecl ShaderProgram::load(char const *,char const *)" (?load@ShaderProgram@@QEAAXPEBD0@Z)
ShaderProgram.obj : error LNK2019: unresolved external symbol __imp___glewCreateShader referenced in function "private: unsigned int __cdecl ShaderProgram::load_shader_from_string(class std::basic_string<char,struct std::char_traits<char>,class std::allocator<char> > const &,unsigned int)" (?load_shader_from_string@ShaderProgram@@AEAAIAEBV?$basic_string@DU?$char_traits@D@std@@V?$allocator@D@2@@std@@I@Z)
ShaderProgram.obj : error LNK2019: unresolved external symbol __imp___glewDeleteProgram referenced in function "private: void __cdecl ShaderProgram::cleanup(void)" (?cleanup@ShaderProgram@@AEAAXXZ)
ShaderProgram.obj : error LNK2019: unresolved external symbol __imp___glewDeleteShader referenced in function "private: void __cdecl ShaderProgram::cleanup(void)" (?cleanup@ShaderProgram@@AEAAXXZ)
ShaderProgram.obj : error LNK2019: unresolved external symbol __imp___glewGetAttribLocation referenced in function "public: void __cdecl ShaderProgram::load(char const *,char const *)" (?load@ShaderProgram@@QEAAXPEBD0@Z)
ShaderProgram.obj : error LNK2019: unresolved external symbol __imp___glewGetProgramiv referenced in function "public: void __cdecl ShaderProgram::load(char const *,char const *)" (?load@ShaderProgram@@QEAAXPEBD0@Z)
ShaderProgram.obj : error LNK2019: unresolved external symbol __imp___glewGetShaderInfoLog referenced in function "private: unsigned int __cdecl ShaderProgram::load_shader_from_string(class std::basic_string<char,struct std::char_traits<char>,class std::allocator<char> > const &,unsigned int)" (?load_shader_from_string@ShaderProgram@@AEAAIAEBV?$basic_string@DU?$char_traits@D@std@@V?$allocator@D@2@@std@@I@Z)
ShaderProgram.obj : error LNK2019: unresolved external symbol __imp___glewGetShaderiv referenced in function "private: unsigned int __cdecl ShaderProgram::load_shader_from_string(class std::basic_string<char,struct std::char_traits<char>,class std::allocator<char> > const &,unsigned int)" (?load_shader_from_string@ShaderProgram@@AEAAIAEBV?$basic_string@DU?$char_traits@D@std@@V?$allocator@D@2@@std@@I@Z)
ShaderProgram.obj : error LNK2019: unresolved external symbol __imp___glewGetUniformLocation referenced in function "public: void __cdecl ShaderProgram::load(char const *,char const *)" (?load@ShaderProgram@@QEAAXPEBD0@Z)
ShaderProgram.obj : error LNK2019: unresolved external symbol __imp___glewLinkProgram referenced in function "public: void __cdecl ShaderProgram::load(char const *,char const *)" (?load@ShaderProgram@@QEAAXPEBD0@Z)
ShaderProgram.obj : error LNK2019: unresolved external symbol __imp___glewShaderSource referenced in function "private: unsigned int __cdecl ShaderProgram::load_shader_from_string(class std::basic_string<char,struct std::char_traits<char>,class std::allocator<char> > const &,unsigned int)" (?load_shader_from_string@ShaderProgram@@AEAAIAEBV?$basic_string@DU?$char_traits@D@std@@V?$allocator@D@2@@std@@I@Z)
ShaderProgram.obj : error LNK2019: unresolved external symbol __imp___glewUniform4f referenced in function "public: void __cdecl ShaderProgram::set_colour(float,float,float,float)" (?set_colour@ShaderProgram@@QEAAXMMMM@Z)
ShaderProgram.obj : error LNK2019: unresolved external symbol __imp___glewUniformMatrix4fv referenced in function "public: void __cdecl ShaderProgram::set_model_matrix(struct glm::mat<4,4,float,0> const &)" (?set_model_matrix@ShaderProgram@@QEAAXAEBU?$mat@$03$03M$0A@@glm@@@Z)
MSVCRTD.lib(exe_main.obj) : error LNK2019: unresolved external symbol main referenced in function "int __cdecl invoke_main(void)" (?invoke_main@@YAHXZ)
C:\Users\mattu\source\repos\Project 3 Lunar Lander\x64\Debug\Project 3 Lunar Lander.exe : fatal error LNK1120: 43 unresolved externals
